2020-05-27 08:49:32.383 +02:00 [INF] Migrating DB
2020-05-27 08:49:32.564 +02:00 [INF] Finished migrating db
2020-05-27 08:50:13.745 +02:00 [ERR] ErrorOutput at /remoting/RemotingApi/GetOrganizations on method GetOrganizations
2020-05-27 08:50:13.750 +02:00 [ERR] Exception
System.TypeInitializationException: The type initializer for '<StartupCode$Server>.$Server.Organizations.Query' threw an exception.
 ---> System.Exception: Invariant exception...
   at Microsoft.FSharp.Core.PrintfModule.PrintFormatToStringThenFail@1637.Invoke(String message) in E:\A\_work\130\s\src\fsharp\FSharp.Core\printf.fs:line 1637
   at <StartupCode$Server>.$Server.Organizations.Query..cctor() in C:\Workspace\Melior\src\Server\Organizations\Query.fs:line 9
   --- End of inner exception stack trace ---
   at Server.Organizations.Query.get_dummyOrganizations()
   at Server.Organizations.Query.getOrganizations@53.Invoke(Unit unitVar) in C:\Workspace\Melior\src\Server\Organizations\Query.fs:line 53
   at Microsoft.FSharp.Control.AsyncPrimitives.CallThenInvoke[T,TResult](AsyncActivation`1 ctxt, TResult result1, FSharpFunc`2 part2) in E:\A\_work\130\s\src\fsharp\FSharp.Core\async.fs:line 398
   at Microsoft.FSharp.Control.Trampoline.Execute(FSharpFunc`2 firstAction) in E:\A\_work\130\s\src\fsharp\FSharp.Core\async.fs:line 109
2020-05-27 08:52:08.304 +02:00 [ERR] ErrorOutput at /remoting/RemotingApi/GetOrganizations on method GetOrganizations
2020-05-27 08:52:08.308 +02:00 [ERR] Exception
System.TypeInitializationException: The type initializer for '<StartupCode$Server>.$Server.Organizations.Query' threw an exception.
 ---> System.Exception: Invariant exception...
   at Microsoft.FSharp.Core.PrintfModule.PrintFormatToStringThenFail@1637.Invoke(String message) in E:\A\_work\130\s\src\fsharp\FSharp.Core\printf.fs:line 1637
   at <StartupCode$Server>.$Server.Organizations.Query..cctor() in C:\Workspace\Melior\src\Server\Organizations\Query.fs:line 9
   --- End of inner exception stack trace ---
   at Server.Organizations.Query.get_dummyOrganizations()
   at Server.Organizations.Query.getOrganizations@53.Invoke(Unit unitVar) in C:\Workspace\Melior\src\Server\Organizations\Query.fs:line 53
   at Microsoft.FSharp.Control.AsyncPrimitives.CallThenInvoke[T,TResult](AsyncActivation`1 ctxt, TResult result1, FSharpFunc`2 part2) in E:\A\_work\130\s\src\fsharp\FSharp.Core\async.fs:line 398
   at Microsoft.FSharp.Control.Trampoline.Execute(FSharpFunc`2 firstAction) in E:\A\_work\130\s\src\fsharp\FSharp.Core\async.fs:line 109
2020-05-27 08:55:53.211 +02:00 [INF] Migrating DB
2020-05-27 08:55:53.296 +02:00 [INF] Finished migrating db
2020-05-27 08:56:07.509 +02:00 [ERR] ErrorOutput at /remoting/RemotingApi/GetOrganizations on method GetOrganizations
2020-05-27 08:56:07.514 +02:00 [ERR] Exception
System.TypeInitializationException: The type initializer for '<StartupCode$Server>.$Server.Organizations.Query' threw an exception.
 ---> System.Exception: Invariant exception...
   at Microsoft.FSharp.Core.PrintfModule.PrintFormatToStringThenFail@1637.Invoke(String message) in E:\A\_work\130\s\src\fsharp\FSharp.Core\printf.fs:line 1637
   at <StartupCode$Server>.$Server.Organizations.Query..cctor() in C:\Workspace\Melior\src\Server\Organizations\Query.fs:line 9
   --- End of inner exception stack trace ---
   at Server.Organizations.Query.get_dummyOrganizations()
   at Server.Organizations.Query.getOrganizations@53.Invoke(Unit unitVar) in C:\Workspace\Melior\src\Server\Organizations\Query.fs:line 53
   at Microsoft.FSharp.Control.AsyncPrimitives.CallThenInvoke[T,TResult](AsyncActivation`1 ctxt, TResult result1, FSharpFunc`2 part2) in E:\A\_work\130\s\src\fsharp\FSharp.Core\async.fs:line 398
   at Microsoft.FSharp.Control.Trampoline.Execute(FSharpFunc`2 firstAction) in E:\A\_work\130\s\src\fsharp\FSharp.Core\async.fs:line 109
2020-05-27 08:56:12.555 +02:00 [ERR] ErrorOutput at /remoting/RemotingApi/GetOrganizations on method GetOrganizations
2020-05-27 08:56:12.557 +02:00 [ERR] Exception
System.TypeInitializationException: The type initializer for '<StartupCode$Server>.$Server.Organizations.Query' threw an exception.
 ---> System.Exception: Invariant exception...
   at Microsoft.FSharp.Core.PrintfModule.PrintFormatToStringThenFail@1637.Invoke(String message) in E:\A\_work\130\s\src\fsharp\FSharp.Core\printf.fs:line 1637
   at <StartupCode$Server>.$Server.Organizations.Query..cctor() in C:\Workspace\Melior\src\Server\Organizations\Query.fs:line 9
   --- End of inner exception stack trace ---
   at Server.Organizations.Query.get_dummyOrganizations()
   at Server.Organizations.Query.getOrganizations@53.Invoke(Unit unitVar) in C:\Workspace\Melior\src\Server\Organizations\Query.fs:line 53
   at Microsoft.FSharp.Control.AsyncPrimitives.CallThenInvoke[T,TResult](AsyncActivation`1 ctxt, TResult result1, FSharpFunc`2 part2) in E:\A\_work\130\s\src\fsharp\FSharp.Core\async.fs:line 398
   at Microsoft.FSharp.Control.Trampoline.Execute(FSharpFunc`2 firstAction) in E:\A\_work\130\s\src\fsharp\FSharp.Core\async.fs:line 109
2020-05-27 08:56:19.774 +02:00 [ERR] ErrorOutput at /remoting/RemotingApi/GetOrganizations on method GetOrganizations
2020-05-27 08:56:19.776 +02:00 [ERR] Exception
System.TypeInitializationException: The type initializer for '<StartupCode$Server>.$Server.Organizations.Query' threw an exception.
 ---> System.Exception: Invariant exception...
   at Microsoft.FSharp.Core.PrintfModule.PrintFormatToStringThenFail@1637.Invoke(String message) in E:\A\_work\130\s\src\fsharp\FSharp.Core\printf.fs:line 1637
   at <StartupCode$Server>.$Server.Organizations.Query..cctor() in C:\Workspace\Melior\src\Server\Organizations\Query.fs:line 9
   --- End of inner exception stack trace ---
   at Server.Organizations.Query.get_dummyOrganizations()
   at Server.Organizations.Query.getOrganizations@53.Invoke(Unit unitVar) in C:\Workspace\Melior\src\Server\Organizations\Query.fs:line 53
   at Microsoft.FSharp.Control.AsyncPrimitives.CallThenInvoke[T,TResult](AsyncActivation`1 ctxt, TResult result1, FSharpFunc`2 part2) in E:\A\_work\130\s\src\fsharp\FSharp.Core\async.fs:line 398
   at Microsoft.FSharp.Control.Trampoline.Execute(FSharpFunc`2 firstAction) in E:\A\_work\130\s\src\fsharp\FSharp.Core\async.fs:line 109
2020-05-27 09:10:45.943 +02:00 [INF] Migrating DB
2020-05-27 09:10:46.088 +02:00 [INF] Finished migrating db
2020-05-27 09:11:50.941 +02:00 [INF] Migrating DB
2020-05-27 09:11:51.047 +02:00 [INF] Finished migrating db
2020-05-27 09:31:55.894 +02:00 [INF] Migrating DB
2020-05-27 09:31:55.985 +02:00 [INF] Finished migrating db
2020-05-27 09:35:38.394 +02:00 [INF] Migrating DB
2020-05-27 09:35:38.484 +02:00 [INF] Finished migrating db
2020-05-27 09:49:21.738 +02:00 [INF] Migrating DB
2020-05-27 09:49:21.826 +02:00 [INF] Finished migrating db
2020-05-27 09:57:57.599 +02:00 [INF] Migrating DB
2020-05-27 09:57:57.690 +02:00 [INF] Finished migrating db
2020-05-27 10:21:19.669 +02:00 [INF] Migrating DB
2020-05-27 10:21:19.762 +02:00 [INF] Finished migrating db
2020-05-27 10:22:36.294 +02:00 [INF] Migrating DB
2020-05-27 10:22:36.389 +02:00 [INF] Finished migrating db
2020-05-27 10:25:21.950 +02:00 [INF] Migrating DB
2020-05-27 10:25:22.044 +02:00 [INF] Finished migrating db
2020-05-27 10:30:12.698 +02:00 [INF] Migrating DB
2020-05-27 10:30:12.794 +02:00 [INF] Finished migrating db
2020-05-27 10:32:25.664 +02:00 [INF] Migrating DB
2020-05-27 10:32:25.760 +02:00 [INF] Finished migrating db
2020-05-27 10:59:28.185 +02:00 [INF] Migrating DB
2020-05-27 10:59:28.267 +02:00 [INF] Finished migrating db
2020-05-27 11:04:23.345 +02:00 [ERR] ErrorOutput at /remoting/RemotingApi/GetOrganizations on method GetOrganizations
2020-05-27 11:04:23.350 +02:00 [ERR] Exception
System.TypeInitializationException: The type initializer for '<StartupCode$Server>.$Server.Organizations.Query' threw an exception.
 ---> System.Exception: Invariant exception...
   at Microsoft.FSharp.Core.PrintfModule.PrintFormatToStringThenFail@1637.Invoke(String message) in E:\A\_work\130\s\src\fsharp\FSharp.Core\printf.fs:line 1637
   at <StartupCode$Server>.$Server.Organizations.Query..cctor() in C:\Workspace\Melior\src\Server\Organizations\Query.fs:line 9
   --- End of inner exception stack trace ---
   at Server.Organizations.Query.get_dummyOrganizations()
   at Server.Organizations.Query.getOrganizations@53.Invoke(Unit unitVar) in C:\Workspace\Melior\src\Server\Organizations\Query.fs:line 53
   at Microsoft.FSharp.Control.AsyncPrimitives.CallThenInvoke[T,TResult](AsyncActivation`1 ctxt, TResult result1, FSharpFunc`2 part2) in E:\A\_work\130\s\src\fsharp\FSharp.Core\async.fs:line 398
   at Microsoft.FSharp.Control.Trampoline.Execute(FSharpFunc`2 firstAction) in E:\A\_work\130\s\src\fsharp\FSharp.Core\async.fs:line 109
2020-05-27 11:04:25.413 +02:00 [ERR] ErrorOutput at /remoting/RemotingApi/GetOrganizations on method GetOrganizations
2020-05-27 11:04:25.414 +02:00 [ERR] Exception
System.TypeInitializationException: The type initializer for '<StartupCode$Server>.$Server.Organizations.Query' threw an exception.
 ---> System.Exception: Invariant exception...
   at Microsoft.FSharp.Core.PrintfModule.PrintFormatToStringThenFail@1637.Invoke(String message) in E:\A\_work\130\s\src\fsharp\FSharp.Core\printf.fs:line 1637
   at <StartupCode$Server>.$Server.Organizations.Query..cctor() in C:\Workspace\Melior\src\Server\Organizations\Query.fs:line 9
   --- End of inner exception stack trace ---
   at Server.Organizations.Query.get_dummyOrganizations()
   at Server.Organizations.Query.getOrganizations@53.Invoke(Unit unitVar) in C:\Workspace\Melior\src\Server\Organizations\Query.fs:line 53
   at Microsoft.FSharp.Control.AsyncPrimitives.CallThenInvoke[T,TResult](AsyncActivation`1 ctxt, TResult result1, FSharpFunc`2 part2) in E:\A\_work\130\s\src\fsharp\FSharp.Core\async.fs:line 398
   at Microsoft.FSharp.Control.Trampoline.Execute(FSharpFunc`2 firstAction) in E:\A\_work\130\s\src\fsharp\FSharp.Core\async.fs:line 109
2020-05-27 11:04:27.456 +02:00 [ERR] ErrorOutput at /remoting/RemotingApi/GetOrganizations on method GetOrganizations
2020-05-27 11:04:27.458 +02:00 [ERR] Exception
System.TypeInitializationException: The type initializer for '<StartupCode$Server>.$Server.Organizations.Query' threw an exception.
 ---> System.Exception: Invariant exception...
   at Microsoft.FSharp.Core.PrintfModule.PrintFormatToStringThenFail@1637.Invoke(String message) in E:\A\_work\130\s\src\fsharp\FSharp.Core\printf.fs:line 1637
   at <StartupCode$Server>.$Server.Organizations.Query..cctor() in C:\Workspace\Melior\src\Server\Organizations\Query.fs:line 9
   --- End of inner exception stack trace ---
   at Server.Organizations.Query.get_dummyOrganizations()
   at Server.Organizations.Query.getOrganizations@53.Invoke(Unit unitVar) in C:\Workspace\Melior\src\Server\Organizations\Query.fs:line 53
   at Microsoft.FSharp.Control.AsyncPrimitives.CallThenInvoke[T,TResult](AsyncActivation`1 ctxt, TResult result1, FSharpFunc`2 part2) in E:\A\_work\130\s\src\fsharp\FSharp.Core\async.fs:line 398
   at Microsoft.FSharp.Control.Trampoline.Execute(FSharpFunc`2 firstAction) in E:\A\_work\130\s\src\fsharp\FSharp.Core\async.fs:line 109
2020-05-27 11:15:41.284 +02:00 [ERR] ErrorOutput at /remoting/RemotingApi/UpdateBuilding on method UpdateBuilding
2020-05-27 11:15:41.287 +02:00 [ERR] Exception
System.AggregateException: One or more errors occurred. (22001: value too long for type character varying(10))
 ---> Npgsql.PostgresException (0x80004005): 22001: value too long for type character varying(10)
   at Npgsql.NpgsqlConnector.<>c__DisplayClass160_0.<<DoReadMessage>g__ReadMessageLong|0>d.MoveNext()
--- End of stack trace from previous location where exception was thrown ---
   at Npgsql.NpgsqlConnector.<>c__DisplayClass160_0.<<DoReadMessage>g__ReadMessageLong|0>d.MoveNext()
--- End of stack trace from previous location where exception was thrown ---
   at Npgsql.NpgsqlDataReader.NextResult(Boolean async, Boolean isConsuming)
   at Npgsql.NpgsqlCommand.ExecuteReaderAsync(CommandBehavior behavior, Boolean async, CancellationToken cancellationToken)
   at Npgsql.NpgsqlCommand.ExecuteNonQuery(Boolean async, CancellationToken cancellationToken)
  Exception data:
    Severity: ERROR
    SqlState: 22001
    MessageText: value too long for type character varying(10)
    File: varchar.c
    Line: 636
    Routine: varchar
   --- End of inner exception stack trace ---
   at Server.PostgreSQL.Sql.writeAsync@28.Invoke(FSharpResult`2 _arg1) in C:\Workspace\Melior\src\Server\PostgreSQL.fs:line 32
   at Npgsql.FSharp.Async.map@19-1.Invoke(a _arg1)
   at Microsoft.FSharp.Control.AsyncPrimitives.CallThenInvokeNoHijackCheck[a,b](AsyncActivation`1 ctxt, FSharpFunc`2 userCode, b result1) in E:\A\_work\130\s\src\fsharp\FSharp.Core\async.fs:line 417
   at <StartupCode$FSharp-Core>.$Async.Return@1066.Invoke(AsyncActivation`1 ctxt) in E:\A\_work\130\s\src\fsharp\FSharp.Core\async.fs:line 1066
   at Microsoft.FSharp.Control.Trampoline.Execute(FSharpFunc`2 firstAction) in E:\A\_work\130\s\src\fsharp\FSharp.Core\async.fs:line 109
2020-05-27 11:17:28.925 +02:00 [INF] Migrating DB
2020-05-27 11:17:29.008 +02:00 [INF] Finished migrating db
2020-05-27 11:21:45.301 +02:00 [ERR] ErrorOutput at /remoting/RemotingApi/GetOrganizations on method GetOrganizations
2020-05-27 11:21:45.307 +02:00 [ERR] Exception
System.TypeInitializationException: The type initializer for '<StartupCode$Server>.$Server.Organizations.Query' threw an exception.
 ---> System.Exception: Invariant exception...
   at Microsoft.FSharp.Core.PrintfModule.PrintFormatToStringThenFail@1637.Invoke(String message) in E:\A\_work\130\s\src\fsharp\FSharp.Core\printf.fs:line 1637
   at <StartupCode$Server>.$Server.Organizations.Query..cctor() in C:\Workspace\Melior\src\Server\Organizations\Query.fs:line 9
   --- End of inner exception stack trace ---
   at Server.Organizations.Query.get_dummyOrganizations()
   at Server.Organizations.Query.getOrganizations@53.Invoke(Unit unitVar) in C:\Workspace\Melior\src\Server\Organizations\Query.fs:line 53
   at Microsoft.FSharp.Control.AsyncPrimitives.CallThenInvoke[T,TResult](AsyncActivation`1 ctxt, TResult result1, FSharpFunc`2 part2) in E:\A\_work\130\s\src\fsharp\FSharp.Core\async.fs:line 398
   at Microsoft.FSharp.Control.Trampoline.Execute(FSharpFunc`2 firstAction) in E:\A\_work\130\s\src\fsharp\FSharp.Core\async.fs:line 109
2020-05-27 11:21:49.553 +02:00 [ERR] ErrorOutput at /remoting/RemotingApi/GetOrganizations on method GetOrganizations
2020-05-27 11:21:49.556 +02:00 [ERR] Exception
System.TypeInitializationException: The type initializer for '<StartupCode$Server>.$Server.Organizations.Query' threw an exception.
 ---> System.Exception: Invariant exception...
   at Microsoft.FSharp.Core.PrintfModule.PrintFormatToStringThenFail@1637.Invoke(String message) in E:\A\_work\130\s\src\fsharp\FSharp.Core\printf.fs:line 1637
   at <StartupCode$Server>.$Server.Organizations.Query..cctor() in C:\Workspace\Melior\src\Server\Organizations\Query.fs:line 9
   --- End of inner exception stack trace ---
   at Server.Organizations.Query.get_dummyOrganizations()
   at Server.Organizations.Query.getOrganizations@53.Invoke(Unit unitVar) in C:\Workspace\Melior\src\Server\Organizations\Query.fs:line 53
   at Microsoft.FSharp.Control.AsyncPrimitives.CallThenInvoke[T,TResult](AsyncActivation`1 ctxt, TResult result1, FSharpFunc`2 part2) in E:\A\_work\130\s\src\fsharp\FSharp.Core\async.fs:line 398
   at Microsoft.FSharp.Control.Trampoline.Execute(FSharpFunc`2 firstAction) in E:\A\_work\130\s\src\fsharp\FSharp.Core\async.fs:line 109
